[debug] [2025-06-17T06:59:09.434Z] ----------------------------------------------------------------------
[debug] [2025-06-17T06:59:09.436Z] Command:       /usr/bin/node /usr/bin/firebase firestore:indexes
[debug] [2025-06-17T06:59:09.437Z] CLI Version:   14.6.0
[debug] [2025-06-17T06:59:09.437Z] Platform:      linux
[debug] [2025-06-17T06:59:09.437Z] Node Version:  v20.19.2
[debug] [2025-06-17T06:59:09.437Z] Time:          Tue Jun 17 2025 14:59:09 GMT+0800 (台北標準時間)
[debug] [2025-06-17T06:59:09.437Z] ----------------------------------------------------------------------
[debug] 
[debug] [2025-06-17T06:59:09.439Z] >>> [apiv2][query] GET https://firebase-public.firebaseio.com/cli.json [none]
[debug] [2025-06-17T06:59:09.655Z] Object "/apphosting" in "firebase.json" has unknown property: {"additionalProperty":"useCloudBuild"}
[debug] [2025-06-17T06:59:09.655Z] Field "/apphosting" in "firebase.json" is possibly invalid: must be array
[debug] [2025-06-17T06:59:09.655Z] Field "/apphosting" in "firebase.json" is possibly invalid: must match a schema in anyOf
[debug] [2025-06-17T06:59:09.660Z] > command requires scopes: ["email","openid","https://www.googleapis.com/auth/cloudplatformprojects.readonly","https://www.googleapis.com/auth/firebase","https://www.googleapis.com/auth/cloud-platform"]
[debug] [2025-06-17T06:59:09.660Z] > authorizing via signed-in user (ac7x7x@gmail.com)
[debug] [2025-06-17T06:59:09.660Z] [iam] checking project lin-llc for permissions ["datastore.indexes.list","firebase.projects.get"]
[debug] [2025-06-17T06:59:09.661Z] Checked if tokens are valid: false, expires at: 1749410547062
[debug] [2025-06-17T06:59:09.661Z] Checked if tokens are valid: false, expires at: 1749410547062
[debug] [2025-06-17T06:59:09.661Z] > refreshing access token with scopes: []
[debug] [2025-06-17T06:59:09.662Z] >>> [apiv2][query] POST https://www.googleapis.com/oauth2/v3/token [none]
[debug] [2025-06-17T06:59:09.662Z] >>> [apiv2][body] POST https://www.googleapis.com/oauth2/v3/token [omitted]
[debug] [2025-06-17T06:59:12.553Z] <<< [apiv2][status] POST https://www.googleapis.com/oauth2/v3/token 200
[debug] [2025-06-17T06:59:12.553Z] <<< [apiv2][body] POST https://www.googleapis.com/oauth2/v3/token [omitted]
[debug] [2025-06-17T06:59:12.632Z] >>> [apiv2][query] POST https://cloudresourcemanager.googleapis.com/v1/projects/lin-llc:testIamPermissions [none]
[debug] [2025-06-17T06:59:12.632Z] >>> [apiv2][(partial)header] POST https://cloudresourcemanager.googleapis.com/v1/projects/lin-llc:testIamPermissions x-goog-quota-user=projects/lin-llc
[debug] [2025-06-17T06:59:12.632Z] >>> [apiv2][body] POST https://cloudresourcemanager.googleapis.com/v1/projects/lin-llc:testIamPermissions {"permissions":["datastore.indexes.list","firebase.projects.get"]}
[debug] [2025-06-17T06:59:12.651Z] <<< [apiv2][status] GET https://firebase-public.firebaseio.com/cli.json 200
[debug] [2025-06-17T06:59:12.651Z] <<< [apiv2][body] GET https://firebase-public.firebaseio.com/cli.json {"cloudBuildErrorAfter":1594252800000,"cloudBuildWarnAfter":1590019200000,"defaultNode10After":1594252800000,"minVersion":"3.0.5","node8DeploysDisabledAfter":1613390400000,"node8RuntimeDisabledAfter":1615809600000,"node8WarnAfter":1600128000000}
[debug] [2025-06-17T06:59:13.592Z] <<< [apiv2][status] POST https://cloudresourcemanager.googleapis.com/v1/projects/lin-llc:testIamPermissions 200
[debug] [2025-06-17T06:59:13.592Z] <<< [apiv2][body] POST https://cloudresourcemanager.googleapis.com/v1/projects/lin-llc:testIamPermissions {"permissions":["datastore.indexes.list","firebase.projects.get"]}
[debug] [2025-06-17T06:59:13.593Z] Checked if tokens are valid: true, expires at: 1750147151553
[debug] [2025-06-17T06:59:13.593Z] Checked if tokens are valid: true, expires at: 1750147151553
[debug] [2025-06-17T06:59:13.593Z] >>> [apiv2][query] GET https://firestore.googleapis.com/v1/projects/lin-llc/databases/(default)/collectionGroups/-/indexes [none]
